# PORT AUDIT ANALYSIS & RESOLUTION LOG
# Generated: Phase 0 Day 3 - Port Audit & Conflict Resolution
# Date: $(date)

## AUDIT SUMMARY
- Total agents analyzed: 77 (54 MainPC + 23 PC2)
- Total ports used: 154 (108 MainPC + 46 PC2)
- Internal conflicts: 0
- Cross-system conflicts detected: 2

## CROSS-SYSTEM CONFLICTS ANALYSIS

### CONFLICT 1: ObservabilityHub Port 9000
**Status**: INTENTIONAL ARCHITECTURE - NO ACTION REQUIRED

**Details**:
- MainPC ObservabilityHub: Port 9000 (central_hub role)
- PC2 ObservabilityHub: Port 9000 (local_reporter role)

**Architecture Justification**:
- This is the designed dual-machine ObservabilityHub architecture
- MainPC serves as central_hub (aggregates all system metrics)
- PC2 serves as local_reporter (reports to MainPC central hub)
- Different IP addresses in production prevent actual conflicts:
  - MainPC: 192.168.100.16
  - PC2: Different network IP
- PC2 reports to MainPC via: http://192.168.100.16:9000
- Cross-machine sync enabled on PC2 with 30-second reporting interval

**Configuration Evidence**:
```yaml
# MainPC config
ObservabilityHub:
  port: 9000
  role: central_hub (implicit)

# PC2 config  
ObservabilityHub:
  port: 9000
  config:
    cross_machine_sync: true
    mainpc_hub_endpoint: "http://192.168.100.16:9000"
```

**Resolution**: NONE REQUIRED - Working as designed

### CONFLICT 2: ObservabilityHub Port 9100 (Health Check)
**Status**: INTENTIONAL ARCHITECTURE - NO ACTION REQUIRED

**Details**:
- Same as above but for health check ports
- Both systems use 9100 for ObservabilityHub health checks
- No actual conflict due to different machine IPs

**Resolution**: NONE REQUIRED - Working as designed

## PORT RANGE UTILIZATION ANALYSIS

### Current Usage:
- mainpc_primary (5600-5699): 16/100 ports (16%) - HEALTHY
- mainpc_secondary (5700-5799): 11/100 ports (11%) - HEALTHY  
- mainpc_tertiary (7200-7299): 8/100 ports (8%) - UNDERUTILIZED
- pc2_primary (7100-7199): 22/100 ports (22%) - HEALTHY

### Optimization Opportunities:
1. **Port Consolidation**: MainPC ports scattered across 3 ranges
   - Could consolidate some agents to single range
   - Not critical - current utilization is healthy

2. **Range Efficiency**: mainpc_tertiary range underutilized (8%)
   - Consider moving some agents from other ranges
   - Or reserve for future expansion

## RECOMMENDATIONS

### IMMEDIATE ACTIONS:
- ✅ NONE REQUIRED - No actual port conflicts detected
- ✅ Current architecture is working as designed
- ✅ Port utilization is healthy across all ranges

### FUTURE CONSIDERATIONS:
1. **Documentation**: Update port conflict detection to recognize intentional dual-machine services
2. **Monitoring**: Add IP-aware conflict detection to port linter
3. **Optimization**: Consider port range consolidation for maintenance efficiency

### VALIDATION COMMANDS:
```bash
# Confirm no real conflicts in production
python3 scripts/port_linter.py --fail-on-conflict

# Generate detailed range analysis
python3 scripts/port_linter.py --range-only

# Export full audit for documentation  
python3 scripts/port_linter.py --json > port_audit_detailed.json
```

## CONCLUSION
Port audit completed successfully. The detected "conflicts" are actually intentional dual-machine architecture components. No remediation required. All 77 agents have proper port allocation with healthy utilization across all ranges. 